[21:01:25] [ServerMain/INFO]: [bootstrap] Running Java 21 (OpenJDK 64-Bit Server VM 21.0.6+7-Ubuntu-120.04.1; Ubuntu null) on Linux 6.8.0-1026-azure (amd64)
[21:01:25] [ServerMain/INFO]: [bootstrap] Loading Paper 1.21-130-master@b1b5d4c (2024-08-10T10:02:42Z) for Minecraft 1.21
[21:01:25] [ServerMain/INFO]: [PluginInitializerManager] Initializing plugins...
[21:01:26] [ServerMain/INFO]: [PluginInitializerManager] Initialized 5 plugins
[21:01:26] [ServerMain/INFO]: [PluginInitializerManager] Bukkit plugins (5):
 - Geyser-Spigot (2.7.0-SNAPSHOT), SkinsRestorer (15.6.2), ViaBackwards (5.3.2), ViaVersion (5.3.2), floodgate (2.2.4-SNAPSHOT (b116-0e3163c))
[21:01:30] [ServerMain/INFO]: Environment: Environment[sessionHost=https://sessionserver.mojang.com, servicesHost=https://api.minecraftservices.com, name=PROD]
[21:01:32] [ServerMain/INFO]: Loaded 1290 recipes
[21:01:32] [ServerMain/INFO]: Loaded 1399 advancements
[21:01:32] [Server thread/INFO]: Starting minecraft server version 1.21
[21:01:32] [Server thread/INFO]: Loading properties
[21:01:32] [Server thread/INFO]: This server is running Paper version 1.21-130-master@b1b5d4c (2024-08-10T10:02:42Z) (Implementing API version 1.21-R0.1-SNAPSHOT)
[21:01:33] [Server thread/INFO]: [spark] This server bundles the spark profiler. For more information please visit https://docs.papermc.io/paper/profiling
[21:01:33] [Server thread/INFO]: Server Ping Player Sample Count: 12
[21:01:33] [Server thread/INFO]: Using 4 threads for Netty based IO
[21:01:34] [Server thread/INFO]: [ChunkTaskScheduler] Chunk system is using 1 I/O threads, 1 worker threads, and population gen parallelism of 1 threads
[21:01:34] [Server thread/INFO]: Default game type: SURVIVAL
[21:01:34] [Server thread/INFO]: Generating keypair
[21:01:34] [Server thread/INFO]: Starting Minecraft server on *:25565
[21:01:34] [Server thread/INFO]: Using epoll channel type
[21:01:34] [Server thread/INFO]: Paper: Using libdeflate (Linux x86_64) compression from Velocity.
[21:01:34] [Server thread/INFO]: Paper: Using OpenSSL 1.1.x (Linux x86_64) cipher from Velocity.
[21:01:35] [Server thread/INFO]: [ViaVersion] Loading server plugin ViaVersion v5.3.2
[21:01:35] [Server thread/INFO]: [ViaVersion] ViaVersion 5.3.2 is now loaded. Registering protocol transformers and injecting...
[21:01:37] [Via-Mappingloader-0/INFO]: [ViaVersion] Loading block connection mappings ...
[21:01:37] [Via-Mappingloader-0/INFO]: [ViaVersion] Using FastUtil Long2ObjectOpenHashMap for block connections
[21:01:38] [Server thread/INFO]: [ViaBackwards] Loading translations...
[21:01:38] [Server thread/INFO]: [ViaBackwards] Registering protocols...
[21:01:39] [Server thread/INFO]: [floodgate] Loading server plugin floodgate v2.2.4-SNAPSHOT (b116-0e3163c)
[21:01:41] [Server thread/WARN]: [floodgate] en_ is not a supported Floodgate language.
[21:01:41] [Server thread/INFO]: [floodgate] Took 1,369ms to boot Floodgate
[21:01:41] [Server thread/INFO]: [ViaBackwards] Loading server plugin ViaBackwards v5.3.2
[21:01:41] [Server thread/INFO]: [SkinsRestorer] Loading server plugin SkinsRestorer v15.6.2
[21:01:41] [Server thread/INFO]: [Geyser-Spigot] Loading server plugin Geyser-Spigot v2.7.0-SNAPSHOT
[21:01:42] [Server thread/INFO]: [Geyser-Spigot] Loading extensions...
[21:01:42] [Server thread/INFO]: [Geyser-Spigot] Loaded 0 extension(s)
[21:01:43] [Server thread/INFO]: Server permissions file permissions.yml is empty, ignoring it
[21:01:43] [Server thread/INFO]: [SkinsRestorer] Enabling SkinsRestorer v15.6.2
[21:01:43] [Server thread/WARN]: [SkinsRestorer] You must agree to the rules at 'commands.perSkinPermissionsConsent' in the config to use per skin permissions.
[21:01:44] [Server thread/INFO]: [SkinsRestorer] Running on Minecraft 1.21.0.
[21:01:44] [Server thread/INFO]: [SkinsRestorer] Floodgate skin listener registered
[21:01:45] [Server thread/INFO]: [SkinsRestorer] Using paper join listener!
[21:01:45] [Server thread/WARN]: **** SERVER IS RUNNING IN OFFLINE/INSECURE MODE!
[21:01:45] [Server thread/WARN]: The server will make no attempt to authenticate usernames. Beware.
[21:01:45] [Server thread/WARN]: While this makes the game possible to play without internet access, it also opens up the ability for hackers to connect with any username they choose.
[21:01:45] [Server thread/WARN]: To change this, set "online-mode" to "true" in the server.properties file.
[21:01:45] [Server thread/INFO]: Preparing level "ServerMuertos"
[21:01:45] [Folia Async Scheduler Thread #1/INFO]: [SkinsRestorer] ----------------------------------------------
[21:01:45] [Folia Async Scheduler Thread #1/INFO]: [SkinsRestorer]     +==================+
[21:01:45] [Folia Async Scheduler Thread #1/INFO]: [SkinsRestorer]     |   SkinsRestorer  |
[21:01:45] [Folia Async Scheduler Thread #1/INFO]: [SkinsRestorer]     |------------------|
[21:01:45] [Folia Async Scheduler Thread #1/INFO]: [SkinsRestorer]     |  Standalone Mode |
[21:01:45] [Folia Async Scheduler Thread #1/INFO]: [SkinsRestorer]     +==================+
[21:01:45] [Folia Async Scheduler Thread #1/INFO]: [SkinsRestorer] ----------------------------------------------
[21:01:45] [Folia Async Scheduler Thread #1/INFO]: [SkinsRestorer]     Version: 15.6.2
[21:01:45] [Folia Async Scheduler Thread #1/INFO]: [SkinsRestorer]     Commit: 7bda5de
[21:01:45] [Folia Async Scheduler Thread #1/INFO]: [SkinsRestorer]     This is the latest version!
[21:01:45] [Folia Async Scheduler Thread #1/INFO]: [SkinsRestorer] ----------------------------------------------
[21:01:45] [Folia Async Scheduler Thread #1/INFO]: [SkinsRestorer] Do you have issues? Read our troubleshooting guide: https://skinsrestorer.net/docs/troubleshooting
[21:01:45] [Folia Async Scheduler Thread #1/INFO]: [SkinsRestorer] Want to support SkinsRestorer? Consider donating: https://skinsrestorer.net/donate
[21:01:45] [Server thread/INFO]: Preparing start region for dimension minecraft:overworld
[21:01:47] [Server thread/INFO]: Time elapsed: 1349 ms
[21:01:47] [Server thread/INFO]: Preparing start region for dimension minecraft:the_nether
[21:01:47] [Server thread/INFO]: Time elapsed: 189 ms
[21:01:47] [Server thread/INFO]: Preparing start region for dimension minecraft:the_end
[21:01:47] [Server thread/INFO]: Time elapsed: 128 ms
[21:01:47] [Server thread/INFO]: [ViaVersion] Enabling ViaVersion v5.3.2
[21:01:47] [Server thread/INFO]: [ViaVersion] ViaVersion detected server version: 1.21-1.21.1 (767)
[21:01:47] [Server thread/INFO]: [floodgate] Enabling floodgate v2.2.4-SNAPSHOT (b116-0e3163c)
[21:01:48] [Server thread/INFO]: [ViaBackwards] Enabling ViaBackwards v5.3.2
[21:01:48] [Server thread/INFO]: [Geyser-Spigot] Enabling Geyser-Spigot v2.7.0-SNAPSHOT
[21:01:48] [Server thread/INFO]: [spark] Starting background profiler...
[21:01:49] [Server thread/INFO]: [Geyser-Spigot] ******************************************
[21:01:49] [Server thread/INFO]: [Geyser-Spigot] 
[21:01:49] [Server thread/INFO]: [Geyser-Spigot] Loading Geyser version 2.7.0-b817 (git-master-84aac67)
[21:01:49] [Server thread/INFO]: [Geyser-Spigot] 
[21:01:49] [Server thread/INFO]: [Geyser-Spigot] ******************************************
[21:01:53] [pool-14-thread-1/WARN]: [floodgate] 
**********************************
* You specified an empty prefix in your Floodgate config for Bedrock players!
* Should a Java player join and a Bedrock player join with the same username, unwanted results and conflicts will happen!
* We strongly recommend using . as the prefix, but other alternatives that will not conflict include: +, - and *
**********************************
[21:01:56] [epollEventLoopGroup-3-1/INFO]: [Geyser-Spigot] Started Geyser on UDP port 60834
[21:01:56] [Server thread/INFO]: [Geyser-Spigot] Done (7.888s)! Run /geyser help for help!
[21:01:57] [Server thread/INFO]: Done preparing level "ServerMuertos" (11.783s)
[21:01:57] [Server thread/INFO]: Running delayed init tasks
[21:01:57] [Craft Scheduler Thread - 2 - ViaVersion/INFO]: [ViaVersion] Finished mapping loading, shutting down loader executor.
[21:01:57] [Server thread/INFO]: Done (32.606s)! For help, type "help"
[21:01:57] [Server thread/INFO]: Timings Reset
[21:02:14] [User Authenticator #0/INFO]: UUID of player MrDarkSh is 2c4291e5-36a2-3fea-b301-c16f36c3552c
[21:02:16] [Server thread/INFO]: MrDarkSh joined the game
[21:02:16] [Server thread/INFO]: MrDarkSh[/127.204.31.178:59475] logged in with entity id 86 at ([ServerMuertos]-11.53651386897126, 126.0, -17.97379516116344)
[21:02:24] [Server thread/INFO]: [Not Secure] [Server] holiwis
[21:02:40] [epollEventLoopGroup-4-1/INFO]: [Geyser-Spigot] Player connected with username MrDark2667
[21:02:40] [localSession-7-2/INFO]: [Geyser-Spigot] MrDark2667 (logged in as: MrDark2667) has connected to the Java server
[21:02:40] [Server thread/INFO]: [floodgate] Floodgate player logged in as MrDark2667 joined (UUID: 00000000-0000-0000-0009-01fc69d17113)
[21:02:41] [Server thread/INFO]: MrDark2667 joined the game
[21:02:41] [Server thread/INFO]: MrDark2667[/127.0.0.1:0] logged in with entity id 233 at ([ServerMuertos]3.5, 123.0, -3.5)
[21:03:00] [Server thread/INFO]: MrDarkSh lost connection: Disconnected
[21:03:00] [Server thread/INFO]: MrDarkSh left the game
[21:03:05] [epollEventLoopGroup-4-1/INFO]: [Geyser-Spigot] MrDark2667 has disconnected from the Java server because of Bedrock client disconnected
[21:03:05] [Geyser Spigot connection thread-6-3/INFO]: [floodgate] Floodgate player logged in as MrDark2667 disconnected
[21:03:05] [Server thread/INFO]: MrDark2667 lost connection: Disconnected
[21:03:05] [Server thread/INFO]: MrDark2667 left the game
[21:03:11] [Server thread/INFO]: Stopping the server
[21:03:11] [Server thread/INFO]: Stopping server
[21:03:11] [Server thread/INFO]: [Geyser-Spigot] Disabling Geyser-Spigot v2.7.0-SNAPSHOT
[21:03:11] [Server thread/INFO]: [Geyser-Spigot] Shutting down Geyser.
[21:03:11] [Server thread/INFO]: [Geyser-Spigot] Geyser shutdown successfully.
[21:03:11] [Server thread/INFO]: [SkinsRestorer] Disabling SkinsRestorer v15.6.2
[21:03:11] [Server thread/INFO]: [ViaBackwards] Disabling ViaBackwards v5.3.2
[21:03:11] [Server thread/INFO]: [floodgate] Disabling floodgate v2.2.4-SNAPSHOT (b116-0e3163c)
[21:03:11] [Server thread/INFO]: [ViaVersion] Disabling ViaVersion v5.3.2
[21:03:11] [Server thread/INFO]: [ViaVersion] ViaVersion has been disabled; uninjected the platform and shut down the scheduler.
[21:03:11] [Server thread/INFO]: Saving players
[21:03:11] [Server thread/INFO]: Saving worlds
[21:03:11] [Server thread/INFO]: Saving chunks for level 'ServerLevel[ServerMuertos]'/minecraft:overworld
[21:03:11] [WebSocketConnectReadThread-96/INFO]: [Geyser-Spigot] The skin uploader has been closed
[21:03:11] [Server thread/INFO]: [ChunkHolderManager] Waiting 60s for chunk system to halt for world 'ServerMuertos'
[21:03:11] [Server thread/INFO]: [ChunkHolderManager] Halted chunk system for world 'ServerMuertos'
[21:03:11] [Server thread/INFO]: [ChunkHolderManager] Saving all chunkholders for world 'ServerMuertos'
[21:03:13] [Server thread/INFO]: [ChunkHolderManager] Saved 1341 block chunks, 675 entity chunks, 0 poi chunks in world 'ServerMuertos' in 2.12s
[21:03:13] [Server thread/INFO]: Saving chunks for level 'ServerLevel[ServerMuertos_nether]'/minecraft:the_nether
[21:03:13] [Server thread/INFO]: [ChunkHolderManager] Waiting 60s for chunk system to halt for world 'ServerMuertos_nether'
[21:03:13] [Server thread/INFO]: [ChunkHolderManager] Halted chunk system for world 'ServerMuertos_nether'
[21:03:13] [Server thread/INFO]: [ChunkHolderManager] Saving all chunkholders for world 'ServerMuertos_nether'
[21:03:13] [Server thread/INFO]: [ChunkHolderManager] Saved 49 block chunks, 49 entity chunks, 0 poi chunks in world 'ServerMuertos_nether' in 0.06s
[21:03:13] [Server thread/INFO]: Saving chunks for level 'ServerLevel[ServerMuertos_the_end]'/minecraft:the_end
[21:03:13] [Server thread/INFO]: [ChunkHolderManager] Waiting 60s for chunk system to halt for world 'ServerMuertos_the_end'
[21:03:13] [Server thread/INFO]: [ChunkHolderManager] Halted chunk system for world 'ServerMuertos_the_end'
[21:03:13] [Server thread/INFO]: [ChunkHolderManager] Saving all chunkholders for world 'ServerMuertos_the_end'
[21:03:13] [Server thread/INFO]: [ChunkHolderManager] Saved 49 block chunks, 49 entity chunks, 0 poi chunks in world 'ServerMuertos_the_end' in 0.02s
[21:03:13] [Server thread/INFO]: ThreadedAnvilChunkStorage (ServerMuertos): All chunks are saved
[21:03:13] [Server thread/INFO]: ThreadedAnvilChunkStorage (DIM-1): All chunks are saved
[21:03:13] [Server thread/INFO]: ThreadedAnvilChunkStorage (DIM1): All chunks are saved
[21:03:13] [Server thread/INFO]: ThreadedAnvilChunkStorage: All dimensions are saved
